Build started 6/3/2016 4:02:33 PM.
     1>Project "C:\Users\ASUS\Desktop\GameProject\GameProject\GameProject.vcxproj" on node 2 (build target(s)).
     1>InitializeBuildStatus:
         Creating "Debug\GameProject.unsuccessfulbuild" because "AlwaysCreate" was specified.
       ClCompile:
         All outputs are up-to-date.
         C:\Program Files (x86)\Microsoft Visual Studio 10.0\VC\bin\CL.exe /c /I"C:\Users\ASUS\Desktop\GameProject\SFML-2.3.2\include" /ZI /nologo /W3 /WX- /Od /Oy- /D WIN32 /D _DEBUG /D _CONSOLE /D _UNICODE /D UNICODE /Gm /EHsc /RTC1 /MDd /GS /fp:precise /Zc:wchar_t /Zc:forScope /Yu"StdAfx.h" /Fp"Debug\GameProject.pch" /Fo"Debug\\" /Fd"Debug\vc100.pdb" /Gd /TP /analyze- /errorReport:prompt GameProject.cpp
         GameProject.cpp
     1>c:\users\asus\desktop\gameproject\gameproject\gameproject.cpp(43): warning C4244: 'initializing' : conversion from 'int' to 'float', possible loss of data
     1>c:\users\asus\desktop\gameproject\gameproject\gameproject.cpp(44): warning C4244: 'initializing' : conversion from 'float' to 'int', possible loss of data
     1>c:\users\asus\desktop\gameproject\gameproject\gameproject.cpp(80): warning C4305: '=' : truncation from 'double' to 'float'
     1>c:\users\asus\desktop\gameproject\gameproject\gameproject.cpp(91): warning C4244: '=' : conversion from 'double' to 'float', possible loss of data
     1>c:\users\asus\desktop\gameproject\gameproject\gameproject.cpp(98): warning C4244: '+=' : conversion from 'double' to 'float', possible loss of data
     1>c:\users\asus\desktop\gameproject\gameproject\gameproject.cpp(110): warning C4305: '=' : truncation from 'double' to 'float'
     1>c:\users\asus\desktop\gameproject\gameproject\gameproject.cpp(113): warning C4305: '=' : truncation from 'double' to 'float'
     1>c:\users\asus\desktop\gameproject\gameproject\gameproject.cpp(116): warning C4305: '=' : truncation from 'double' to 'float'
     1>c:\users\asus\desktop\gameproject\gameproject\gameproject.cpp(133): warning C4244: 'initializing' : conversion from 'float' to 'int', possible loss of data
     1>c:\users\asus\desktop\gameproject\gameproject\gameproject.cpp(134): warning C4244: 'initializing' : conversion from 'float' to 'int', possible loss of data
     1>c:\users\asus\desktop\gameproject\gameproject\gameproject.cpp(137): warning C4244: '=' : conversion from 'int' to 'float', possible loss of data
     1>c:\users\asus\desktop\gameproject\gameproject\gameproject.cpp(139): warning C4244: '=' : conversion from 'int' to 'float', possible loss of data
     1>c:\users\asus\desktop\gameproject\gameproject\gameproject.cpp(145): warning C4305: '=' : truncation from 'double' to 'float'
     1>c:\users\asus\desktop\gameproject\gameproject\gameproject.cpp(179): warning C4305: '=' : truncation from 'double' to 'float'
     1>c:\users\asus\desktop\gameproject\gameproject\gameproject.cpp(189): warning C4244: '=' : conversion from 'double' to 'float', possible loss of data
     1>c:\users\asus\desktop\gameproject\gameproject\gameproject.cpp(196): warning C4244: '+=' : conversion from 'double' to 'float', possible loss of data
     1>c:\users\asus\desktop\gameproject\gameproject\gameproject.cpp(206): warning C4305: '=' : truncation from 'double' to 'float'
     1>c:\users\asus\desktop\gameproject\gameproject\gameproject.cpp(207): warning C4305: '=' : truncation from 'double' to 'float'
     1>c:\users\asus\desktop\gameproject\gameproject\gameproject.cpp(216): warning C4244: 'initializing' : conversion from 'float' to 'int', possible loss of data
     1>c:\users\asus\desktop\gameproject\gameproject\gameproject.cpp(217): warning C4244: 'initializing' : conversion from 'float' to 'int', possible loss of data
     1>c:\users\asus\desktop\gameproject\gameproject\gameproject.cpp(223): warning C4244: '=' : conversion from 'int' to 'float', possible loss of data
     1>c:\users\asus\desktop\gameproject\gameproject\gameproject.cpp(226): warning C4244: '=' : conversion from 'int' to 'float', possible loss of data
     1>c:\users\asus\desktop\gameproject\gameproject\gameproject.cpp(258): warning C4244: 'argument' : conversion from 'int' to 'float', possible loss of data
     1>c:\users\asus\desktop\gameproject\gameproject\gameproject.cpp(315): warning C4244: 'initializing' : conversion from 'sf::Int64' to 'float', possible loss of data
     1>c:\users\asus\desktop\gameproject\gameproject\gameproject.cpp(328): warning C4305: '=' : truncation from 'double' to 'float'
     1>c:\users\asus\desktop\gameproject\gameproject\gameproject.cpp(331): warning C4305: '=' : truncation from 'double' to 'float'
     1>c:\users\asus\desktop\gameproject\gameproject\gameproject.cpp(334): warning C4305: '=' : truncation from 'double' to 'float'
     1>c:\users\asus\desktop\gameproject\gameproject\gameproject.cpp(350): warning C4305: '=' : truncation from 'double' to 'float'
     1>c:\users\asus\desktop\gameproject\gameproject\gameproject.cpp(360): warning C4305: '=' : truncation from 'double' to 'float'
     1>c:\users\asus\desktop\gameproject\gameproject\gameproject.cpp(370): warning C4305: '=' : truncation from 'double' to 'float'
     1>c:\users\asus\desktop\gameproject\gameproject\gameproject.cpp(380): warning C4305: '=' : truncation from 'double' to 'float'
     1>c:\users\asus\desktop\gameproject\gameproject\gameproject.cpp(269): warning C4101: 'counter' : unreferenced local variable
     1>c:\users\asus\desktop\gameproject\gameproject\gameproject.cpp(544): warning C4244: 'argument' : conversion from 'unsigned int' to 'float', possible loss of data
     1>c:\users\asus\desktop\gameproject\gameproject\gameproject.cpp(544): warning C4244: 'argument' : conversion from 'unsigned int' to 'float', possible loss of data
       ManifestResourceCompile:
         All outputs are up-to-date.
       Link:
         C:\Program Files (x86)\Microsoft Visual Studio 10.0\VC\bin\link.exe /ERRORREPORT:PROMPT /OUT:"C:\Users\ASUS\Desktop\GameProject\Debug\GameProject.exe" /INCREMENTAL /NOLOGO /LIBPATH:"C:\Users\ASUS\Desktop\GameProject\SFML-2.3.2\lib" "sfml-system-d.lib" "sfml-window-d.lib" "sfml-graphics-d.lib" "sfml-network-d.lib" "sfml-audio-d.lib" kernel32.lib user32.lib gdi32.lib winspool.lib comdlg32.lib advapi32.lib shell32.lib ole32.lib oleaut32.lib uuid.lib odbc32.lib odbccp32.lib kernel32.lib user32.lib gdi32.lib winspool.lib comdlg32.lib advapi32.lib shell32.lib ole32.lib oleaut32.lib uuid.lib odbc32.lib odbccp32.lib /MANIFEST /ManifestFile:"Debug\GameProject.exe.intermediate.manifest" /MANIFESTUAC:"level='asInvoker' uiAccess='false'" /DEBUG /PDB:"C:\Users\ASUS\Desktop\GameProject\Debug\GameProject.pdb" /SUBSYSTEM:CONSOLE /TLBID:1 /DYNAMICBASE /NXCOMPAT /IMPLIB:"C:\Users\ASUS\Desktop\GameProject\Debug\GameProject.lib" /MACHINE:X86 Debug\GameProject.exe.embed.manifest.res
         Debug\entity.obj
         Debug\GameProject.obj
         Debug\menus.obj
         Debug\stdafx.obj
       Manifest:
         C:\Program Files (x86)\Microsoft SDKs\Windows\v7.0A\bin\mt.exe /nologo /verbose /out:"Debug\GameProject.exe.embed.manifest" /manifest Debug\GameProject.exe.intermediate.manifest
         All outputs are up-to-date.
       LinkEmbedManifest:
         All outputs are up-to-date.
         GameProject.vcxproj -> C:\Users\ASUS\Desktop\GameProject\Debug\GameProject.exe
       FinalizeBuildStatus:
         Deleting file "Debug\GameProject.unsuccessfulbuild".
         Touching "Debug\GameProject.lastbuildstate".
     1>Done Building Project "C:\Users\ASUS\Desktop\GameProject\GameProject\GameProject.vcxproj" (build target(s)).

Build succeeded.

Time Elapsed 00:00:04.79
